<?xml version="1.0" encoding="UTF-8"?>
<!-- Generated by org.testng.reporters.JUnitXMLReporter -->
<testsuite ignored="1" hostname="DESKTOP-KSK1CVA" failures="0" tests="1" name="Test" time="77.776" errors="0" timestamp="2021-11-08T13:06:12 IST">
  <testcase classname="vtiger_baseClass.CreateOrgTest" name="createOrg" time="22.292"/>
  <testcase classname="vtiger_baseClass.CreateOrgTest" name="OrgWithIndustries" time="0.0">
    <ignored/>
  </testcase> <!-- OrgWithIndustries -->
</testsuite> <!-- Test -->
